<?xml version="1.0" encoding="UTF-8"?>
<!-- Generated by org.testng.reporters.JUnitReportReporter -->
<testsuite skipped="0" hostname="Flys-Air" name="com.freecrm.qa.testcases.ContactsPageTest" tests="1" failures="0" timestamp="04 Feb 2020 12:22:19 GMT" time="26.116" errors="0">
  <testcase name="contactsLabelDisplayTest" time="26.116" classname="com.freecrm.qa.testcases.ContactsPageTest"/>
</testsuite> <!-- com.freecrm.qa.testcases.ContactsPageTest -->
