<?xml version="1.0" encoding="UTF-8"?>
<!-- Generated by org.testng.reporters.JUnitReportReporter -->
<testsuite skipped="0" hostname="Flys-Air" name="com.freecrm.qa.testcases.LoginPageTest" tests="3" failures="0" timestamp="04 Feb 2020 12:22:19 GMT" time="48.797" errors="0">
  <testcase name="loginPageTitleTest" time="19.768" classname="com.freecrm.qa.testcases.LoginPageTest"/>
  <testcase name="signupLinkVisibleTest" time="13.231" classname="com.freecrm.qa.testcases.LoginPageTest"/>
  <testcase name="loginTest" time="15.798" classname="com.freecrm.qa.testcases.LoginPageTest"/>
</testsuite> <!-- com.freecrm.qa.testcases.LoginPageTest -->
