<?xml version="1.0" encoding="UTF-8"?>
<!-- Generated by org.testng.reporters.JUnitReportReporter -->
<testsuite skipped="0" hostname="Flys-MacBook-Air.local" name="com.freecrm.qa.testcases.log4jtest" tests="1" failures="0" timestamp="05 Feb 2020 09:49:46 GMT" time="28.713" errors="0">
  <testcase name="freeCrmSignupLinkTest" time="28.713" classname="com.freecrm.qa.testcases.log4jtest"/>
</testsuite> <!-- com.freecrm.qa.testcases.log4jtest -->
