<?xml version="1.0" encoding="UTF-8"?>
<!-- Generated by org.testng.reporters.JUnitReportReporter -->
<testsuite skipped="0" hostname="Flys-Air" name="com.freecrm.qa.testcases.HomePageTest" tests="3" failures="0" timestamp="04 Feb 2020 12:22:19 GMT" time="92.152" errors="0">
  <testcase name="verifyUserNameTextDisplayTest" time="17.952" classname="com.freecrm.qa.testcases.HomePageTest"/>
  <testcase name="verifyUserNameDisplayTest" time="32.824" classname="com.freecrm.qa.testcases.HomePageTest"/>
  <testcase name="contactsLinkClickTest" time="41.376" classname="com.freecrm.qa.testcases.HomePageTest"/>
</testsuite> <!-- com.freecrm.qa.testcases.HomePageTest -->
